Started GET "/" for ::1 at 2021-03-06 16:28:54 +0200
  [1m[35m (1.0ms)[0m  [1m[34mSELECT "schema_migrations"."version" FROM "schema_migrations" ORDER BY "schema_migrations"."version" ASC[0m
Processing by Rails::WelcomeController#index as HTML
  Rendering /Users/bogdanparshentsev/.rbenv/versions/3.0.0/lib/ruby/gems/3.0.0/gems/railties-6.1.3/lib/rails/templates/rails/welcome/index.html.erb
  Rendered /Users/bogdanparshentsev/.rbenv/versions/3.0.0/lib/ruby/gems/3.0.0/gems/railties-6.1.3/lib/rails/templates/rails/welcome/index.html.erb (Duration: 5.8ms | Allocations: 526)
Completed 200 OK in 20ms (Views: 9.8ms | ActiveRecord: 0.0ms | Allocations: 4217)


Started GET "/" for ::1 at 2021-03-06 16:43:31 +0200
  [1m[35m (1.2ms)[0m  [1m[34mSELECT "schema_migrations"."version" FROM "schema_migrations" ORDER BY "schema_migrations"."version" ASC[0m
  [1m[35mCACHE  (0.0ms)[0m  [1m[34mSELECT "schema_migrations"."version" FROM "schema_migrations" ORDER BY "schema_migrations"."version" ASC[0m
  
ActiveRecord::PendingMigrationError (

Migrations are pending. To resolve this issue, run:

        bin/rails db:migrate RAILS_ENV=development

You have 2 pending migrations:

20210306143146_create_tasks.rb
20210306143304_add_status_to_tasks.rb


):
  
activerecord (6.1.3) lib/active_record/migration.rb:625:in `check_pending!'
activerecord (6.1.3) lib/active_record/migration.rb:590:in `block (2 levels) in call'
activesupport (6.1.3) lib/active_support/evented_file_update_checker.rb:59:in `execute'
activerecord (6.1.3) lib/active_record/migration.rb:595:in `block in call'
activerecord (6.1.3) lib/active_record/migration.rb:587:in `synchronize'
activerecord (6.1.3) lib/active_record/migration.rb:587:in `call'
actionpack (6.1.3) lib/action_dispatch/middleware/callbacks.rb:27:in `block in call'
activesupport (6.1.3) lib/active_support/callbacks.rb:98:in `run_callbacks'
actionpack (6.1.3) lib/action_dispatch/middleware/callbacks.rb:26:in `call'
actionpack (6.1.3) lib/action_dispatch/middleware/executor.rb:14:in `call'
actionpack (6.1.3) lib/action_dispatch/middleware/actionable_exceptions.rb:18:in `call'
actionpack (6.1.3) lib/action_dispatch/middleware/debug_exceptions.rb:29:in `call'
web-console (4.1.0) lib/web_console/middleware.rb:132:in `call_app'
web-console (4.1.0) lib/web_console/middleware.rb:28:in `block in call'
web-console (4.1.0) lib/web_console/middleware.rb:17:in `catch'
web-console (4.1.0) lib/web_console/middleware.rb:17:in `call'
actionpack (6.1.3) lib/action_dispatch/middleware/show_exceptions.rb:33:in `call'
railties (6.1.3) lib/rails/rack/logger.rb:37:in `call_app'
railties (6.1.3) lib/rails/rack/logger.rb:26:in `block in call'
activesupport (6.1.3) lib/active_support/tagged_logging.rb:99:in `block in tagged'
activesupport (6.1.3) lib/active_support/tagged_logging.rb:37:in `tagged'
activesupport (6.1.3) lib/active_support/tagged_logging.rb:99:in `tagged'
railties (6.1.3) lib/rails/rack/logger.rb:26:in `call'
sprockets-rails (3.2.2) lib/sprockets/rails/quiet_assets.rb:13:in `call'
actionpack (6.1.3) lib/action_dispatch/middleware/remote_ip.rb:81:in `call'
actionpack (6.1.3) lib/action_dispatch/middleware/request_id.rb:26:in `call'
rack (2.2.3) lib/rack/method_override.rb:24:in `call'
rack (2.2.3) lib/rack/runtime.rb:22:in `call'
activesupport (6.1.3) lib/active_support/cache/strategy/local_cache_middleware.rb:29:in `call'
actionpack (6.1.3) lib/action_dispatch/middleware/executor.rb:14:in `call'
actionpack (6.1.3) lib/action_dispatch/middleware/static.rb:24:in `call'
rack (2.2.3) lib/rack/sendfile.rb:110:in `call'
actionpack (6.1.3) lib/action_dispatch/middleware/host_authorization.rb:98:in `call'
rack-mini-profiler (2.3.1) lib/mini_profiler/profiler.rb:373:in `call'
webpacker (5.2.1) lib/webpacker/dev_server_proxy.rb:25:in `perform_request'
rack-proxy (0.6.5) lib/rack/proxy.rb:57:in `call'
railties (6.1.3) lib/rails/engine.rb:539:in `call'
puma (5.2.2) lib/puma/configuration.rb:248:in `call'
puma (5.2.2) lib/puma/request.rb:76:in `block in handle_request'
puma (5.2.2) lib/puma/thread_pool.rb:337:in `with_force_shutdown'
puma (5.2.2) lib/puma/request.rb:75:in `handle_request'
puma (5.2.2) lib/puma/server.rb:431:in `process_client'
puma (5.2.2) lib/puma/thread_pool.rb:145:in `block in spawn_thread'
  [1m[35m (0.1ms)[0m  [1m[34mSELECT pg_try_advisory_lock(2125377766905895740)[0m
  [1m[35m (0.4ms)[0m  [1m[34mSELECT "schema_migrations"."version" FROM "schema_migrations" ORDER BY "schema_migrations"."version" ASC[0m
Migrating to CreateTasks (20210306143146)
  [1m[36mTRANSACTION (0.1ms)[0m  [1m[35mBEGIN[0m
  [1m[35m (7.4ms)[0m  [1m[35mCREATE TABLE "tasks" ("id" bigserial primary key, "title" character varying, "description" character varying, "created_at" timestamp(6) NOT NULL, "updated_at" timestamp(6) NOT NULL)[0m
  [1m[36mActiveRecord::SchemaMigration Create (0.3ms)[0m  [1m[32mINSERT INTO "schema_migrations" ("version") VALUES ($1) RETURNING "version"[0m  [["version", "20210306143146"]]
  [1m[36mTRANSACTION (0.5ms)[0m  [1m[35mCOMMIT[0m
Migrating to AddStatusToTasks (20210306143304)
  [1m[36mTRANSACTION (0.5ms)[0m  [1m[35mBEGIN[0m
  [1m[35m (0.9ms)[0m  [1m[35mALTER TABLE "tasks" ADD "status" integer[0m
  [1m[36mActiveRecord::SchemaMigration Create (0.2ms)[0m  [1m[32mINSERT INTO "schema_migrations" ("version") VALUES ($1) RETURNING "version"[0m  [["version", "20210306143304"]]
  [1m[36mTRANSACTION (0.4ms)[0m  [1m[35mCOMMIT[0m
  [1m[36mActiveRecord::InternalMetadata Load (0.4ms)[0m  [1m[34mSELECT "ar_internal_metadata".* FROM "ar_internal_metadata" WHERE "ar_internal_metadata"."key" = $1 LIMIT $2[0m  [["key", "environment"], ["LIMIT", 1]]
  [1m[35m (0.2ms)[0m  [1m[34mSELECT pg_advisory_unlock(2125377766905895740)[0m
  [1m[35m (0.6ms)[0m  [1m[34mSELECT "schema_migrations"."version" FROM "schema_migrations" ORDER BY "schema_migrations"."version" ASC[0m
Started GET "/" for ::1 at 2021-03-06 16:44:01 +0200
  [1m[35m (1.0ms)[0m  [1m[34mSELECT "schema_migrations"."version" FROM "schema_migrations" ORDER BY "schema_migrations"."version" ASC[0m
Processing by TasksController#index as HTML
  Rendering layout layouts/application.html.erb
  Rendering tasks/index.html.erb within layouts/application
  [1m[36mTask Load (1.2ms)[0m  [1m[34mSELECT "tasks".* FROM "tasks"[0m
  ↳ app/views/tasks/index.html.erb:16
  Rendered tasks/index.html.erb within layouts/application (Duration: 44.0ms | Allocations: 5649)
  Rendered layout layouts/application.html.erb (Duration: 44.3ms | Allocations: 5729)
Completed 500 Internal Server Error in 62ms (ActiveRecord: 1.2ms | Allocations: 10040)


  
ActionView::Template::Error (undefined local variable or method `new_task_path' for #<ActionView::Base:0x00000000007800>):
    28: 
    29: <br>
    30: 
    31: <%= link_to 'New Task', new_task_path %>
  
app/views/tasks/index.html.erb:31
Started GET "/" for ::1 at 2021-03-06 16:45:32 +0200
  [1m[35m (0.9ms)[0m  [1m[34mSELECT "schema_migrations"."version" FROM "schema_migrations" ORDER BY "schema_migrations"."version" ASC[0m
Processing by TasksController#index as HTML
  Rendering layout layouts/application.html.erb
  Rendering tasks/index.html.erb within layouts/application
  [1m[36mTask Load (1.0ms)[0m  [1m[34mSELECT "tasks".* FROM "tasks"[0m
  ↳ app/views/tasks/index.html.erb:16
  Rendered tasks/index.html.erb within layouts/application (Duration: 3.0ms | Allocations: 1458)
[Webpacker] Compiling...
[Webpacker] Compiled all packs in /Users/bogdanparshentsev/Projects/Study/Ruby/popuga_project/public/packs
[Webpacker] Hash: e332c6419728fac579d5
Version: webpack 4.46.0
Time: 1535ms
Built at: 03/06/2021 4:45:36 PM
                                     Asset       Size       Chunks                         Chunk Names
    js/application-f826770d917d8a37c1d8.js    125 KiB  application  [emitted] [immutable]  application
js/application-f826770d917d8a37c1d8.js.map    139 KiB  application  [emitted] [dev]        application
                             manifest.json  364 bytes               [emitted]              
Entrypoint application = js/application-f826770d917d8a37c1d8.js js/application-f826770d917d8a37c1d8.js.map
[./app/javascript/channels sync recursive _channel\.js$] ./app/javascript/channels sync _channel\.js$ 160 bytes {application} [built]
[./app/javascript/channels/index.js] 211 bytes {application} [built]
[./app/javascript/packs/application.js] 492 bytes {application} [built]
[./node_modules/webpack/buildin/module.js] (webpack)/buildin/module.js 552 bytes {application} [built]
    + 3 hidden modules

  Rendered layout layouts/application.html.erb (Duration: 3684.1ms | Allocations: 16454)
Completed 200 OK in 3696ms (Views: 3686.6ms | ActiveRecord: 1.0ms | Allocations: 20765)


Started GET "/tasks/new" for ::1 at 2021-03-06 16:45:40 +0200
Processing by TasksController#new as HTML
  Rendering layout layouts/application.html.erb
  Rendering tasks/new.html.erb within layouts/application
  Rendered tasks/_form.html.erb (Duration: 17.8ms | Allocations: 5182)
  Rendered tasks/new.html.erb within layouts/application (Duration: 42.6ms | Allocations: 5557)
[Webpacker] Everything's up-to-date. Nothing to do
  Rendered layout layouts/application.html.erb (Duration: 48.6ms | Allocations: 8968)
Completed 200 OK in 71ms (Views: 59.0ms | ActiveRecord: 4.7ms | Allocations: 13119)


Started POST "/tasks" for ::1 at 2021-03-06 16:45:49 +0200
Processing by TasksController#create as HTML
  Parameters: {"authenticity_token"=>"[FILTERED]", "task"=>{"title"=>";sdsd", "description"=>"sdsd", "status"=>"opened"}, "commit"=>"Create Task"}
Completed 500 Internal Server Error in 1ms (ActiveRecord: 0.0ms | Allocations: 920)


  
ArgumentError ('opened' is not a valid status):
  
app/controllers/tasks_controller.rb:24:in `create'
Started POST "/tasks" for ::1 at 2021-03-06 16:47:19 +0200
  [1m[35m (0.8ms)[0m  [1m[34mSELECT "schema_migrations"."version" FROM "schema_migrations" ORDER BY "schema_migrations"."version" ASC[0m
Processing by TasksController#create as HTML
  Parameters: {"authenticity_token"=>"[FILTERED]", "task"=>{"title"=>";sdsd", "description"=>"sdsd", "status"=>"opened"}, "commit"=>"Create Task"}
Completed 500 Internal Server Error in 18ms (ActiveRecord: 4.9ms | Allocations: 7263)



ArgumentError - 'opened' is not a valid status:
  app/controllers/tasks_controller.rb:24:in `create'

Started POST "/__better_errors/bda5719122c9203e/variables" for ::1 at 2021-03-06 16:47:19 +0200
Started GET "/tasks/new" for ::1 at 2021-03-06 16:47:27 +0200
Processing by TasksController#new as HTML
  Rendering layout layouts/application.html.erb
  Rendering tasks/new.html.erb within layouts/application
  Rendered tasks/_form.html.erb (Duration: 6.4ms | Allocations: 3151)
  Rendered tasks/new.html.erb within layouts/application (Duration: 7.7ms | Allocations: 3706)
[Webpacker] Everything's up-to-date. Nothing to do
  Rendered layout layouts/application.html.erb (Duration: 21.7ms | Allocations: 11014)
Completed 200 OK in 27ms (Views: 25.1ms | ActiveRecord: 0.0ms | Allocations: 13089)


Started POST "/tasks" for ::1 at 2021-03-06 16:47:31 +0200
Processing by TasksController#create as HTML
  Parameters: {"authenticity_token"=>"[FILTERED]", "task"=>{"title"=>";sdsd", "description"=>"sdsd", "status"=>"open"}, "commit"=>"Create Task"}
Completed 500 Internal Server Error in 1ms (ActiveRecord: 0.0ms | Allocations: 1257)



ArgumentError - 'open' is not a valid status:
  app/controllers/tasks_controller.rb:24:in `create'

Started POST "/__better_errors/aa370f6ba21f0fdb/variables" for ::1 at 2021-03-06 16:47:31 +0200
Started GET "/tasks/new" for ::1 at 2021-03-06 16:48:05 +0200
Processing by TasksController#new as HTML
  Rendering layout layouts/application.html.erb
  Rendering tasks/new.html.erb within layouts/application
  Rendered tasks/_form.html.erb (Duration: 1.6ms | Allocations: 839)
  Rendered tasks/new.html.erb within layouts/application (Duration: 1.8ms | Allocations: 953)
[Webpacker] Everything's up-to-date. Nothing to do
  Rendered layout layouts/application.html.erb (Duration: 8.1ms | Allocations: 5720)
Completed 200 OK in 9ms (Views: 8.6ms | ActiveRecord: 0.0ms | Allocations: 6191)


Started POST "/tasks" for ::1 at 2021-03-06 16:48:08 +0200
Processing by TasksController#create as HTML
  Parameters: {"authenticity_token"=>"[FILTERED]", "task"=>{"title"=>";sdsd", "description"=>"sdsd", "status"=>"to_do"}, "commit"=>"Create Task"}
  [1m[36mTRANSACTION (0.8ms)[0m  [1m[35mBEGIN[0m
  ↳ app/controllers/tasks_controller.rb:27:in `block in create'
  [1m[36mTask Create (1.5ms)[0m  [1m[32mINSERT INTO "tasks" ("title", "description", "created_at", "updated_at", "status") VALUES ($1, $2, $3, $4, $5) RETURNING "id"[0m  [["title", ";sdsd"], ["description", "sdsd"], ["created_at", "2021-03-06 14:48:09.000866"], ["updated_at", "2021-03-06 14:48:09.000866"], ["status", 0]]
  ↳ app/controllers/tasks_controller.rb:27:in `block in create'
  [1m[36mTRANSACTION (0.9ms)[0m  [1m[35mCOMMIT[0m
  ↳ app/controllers/tasks_controller.rb:27:in `block in create'
Redirected to http://localhost:3000/tasks/1
Completed 302 Found in 9ms (ActiveRecord: 3.1ms | Allocations: 3350)


Started GET "/tasks/1" for ::1 at 2021-03-06 16:48:09 +0200
Processing by TasksController#show as HTML
  Parameters: {"id"=>"1"}
  [1m[36mTask Load (0.7ms)[0m  [1m[34mSELECT "tasks".* FROM "tasks" WHERE "tasks"."id" = $1 LIMIT $2[0m  [["id", 1], ["LIMIT", 1]]
  ↳ app/controllers/tasks_controller.rb:62:in `set_task'
  Rendering layout layouts/application.html.erb
  Rendering tasks/show.html.erb within layouts/application
  Rendered tasks/show.html.erb within layouts/application (Duration: 0.8ms | Allocations: 310)
[Webpacker] Everything's up-to-date. Nothing to do
  Rendered layout layouts/application.html.erb (Duration: 6.7ms | Allocations: 5028)
Completed 200 OK in 20ms (Views: 7.2ms | ActiveRecord: 1.5ms | Allocations: 10468)


Started GET "/tasks/1" for ::1 at 2021-03-06 17:11:21 +0200
  [1m[35m (0.8ms)[0m  [1m[34mSELECT "schema_migrations"."version" FROM "schema_migrations" ORDER BY "schema_migrations"."version" ASC[0m
Processing by TasksController#show as HTML
  Parameters: {"id"=>"1"}
  [1m[36mTask Load (0.7ms)[0m  [1m[34mSELECT "tasks".* FROM "tasks" WHERE "tasks"."id" = $1 LIMIT $2[0m  [["id", 1], ["LIMIT", 1]]
  ↳ app/controllers/tasks_controller.rb:58:in `set_task'
  Rendering layout layouts/application.html.erb
  Rendering tasks/show.html.erb within layouts/application
  Rendered tasks/show.html.erb within layouts/application (Duration: 1.6ms | Allocations: 599)
[Webpacker] Everything's up-to-date. Nothing to do
  Rendered layout layouts/application.html.erb (Duration: 947.7ms | Allocations: 81576)
Completed 200 OK in 1015ms (Views: 950.9ms | ActiveRecord: 6.3ms | Allocations: 90950)


Started GET "/tasks/1/edit" for ::1 at 2021-03-06 17:11:26 +0200
Processing by TasksController#edit as HTML
  Parameters: {"id"=>"1"}
  [1m[36mTask Load (0.7ms)[0m  [1m[34mSELECT "tasks".* FROM "tasks" WHERE "tasks"."id" = $1 LIMIT $2[0m  [["id", 1], ["LIMIT", 1]]
  ↳ app/controllers/tasks_controller.rb:58:in `set_task'
  Rendering layout layouts/application.html.erb
  Rendering tasks/edit.html.erb within layouts/application
  Rendered tasks/_form.html.erb (Duration: 8.0ms | Allocations: 3118)
  Rendered tasks/edit.html.erb within layouts/application (Duration: 9.0ms | Allocations: 3536)
[Webpacker] Everything's up-to-date. Nothing to do
  Rendered layout layouts/application.html.erb (Duration: 15.7ms | Allocations: 8938)
Completed 200 OK in 19ms (Views: 16.1ms | ActiveRecord: 0.7ms | Allocations: 10250)


Started GET "/tasks" for ::1 at 2021-03-06 17:11:27 +0200
Processing by TasksController#index as HTML
  Rendering layout layouts/application.html.erb
  Rendering tasks/index.html.erb within layouts/application
  [1m[36mTask Load (0.8ms)[0m  [1m[34mSELECT "tasks".* FROM "tasks"[0m
  ↳ app/views/tasks/index.html.erb:16
  Rendered tasks/index.html.erb within layouts/application (Duration: 3.2ms | Allocations: 1322)
[Webpacker] Everything's up-to-date. Nothing to do
  Rendered layout layouts/application.html.erb (Duration: 10.2ms | Allocations: 6736)
Completed 200 OK in 12ms (Views: 9.9ms | ActiveRecord: 0.8ms | Allocations: 7338)


Started GET "/tasks" for ::1 at 2021-03-06 17:13:12 +0200
Processing by TasksController#index as HTML
  Rendering layout layouts/application.html.erb
  Rendering tasks/index.html.erb within layouts/application
  Rendered tasks/index.html.erb within layouts/application (Duration: 0.3ms | Allocations: 160)
[Webpacker] Everything's up-to-date. Nothing to do
  Rendered layout layouts/application.html.erb (Duration: 6.4ms | Allocations: 5813)
Completed 200 OK in 9ms (Views: 8.0ms | ActiveRecord: 0.0ms | Allocations: 7038)


Started GET "/tasks" for ::1 at 2021-03-06 17:13:50 +0200
Processing by TasksController#index as HTML
  Rendering layout layouts/application.html.erb
  Rendering tasks/index.html.erb within layouts/application
  Rendered tasks/index.html.erb within layouts/application (Duration: 0.7ms | Allocations: 123)
[Webpacker] Everything's up-to-date. Nothing to do
  Rendered layout layouts/application.html.erb (Duration: 8.9ms | Allocations: 5797)
Completed 200 OK in 12ms (Views: 10.9ms | ActiveRecord: 0.0ms | Allocations: 7018)


Started GET "/tasks" for ::1 at 2021-03-06 17:14:10 +0200
Processing by TasksController#index as HTML
  Rendering layout layouts/application.html.erb
  Rendering tasks/index.html.erb within layouts/application
  [1m[36mTask Load (0.9ms)[0m  [1m[34mSELECT "tasks".* FROM "tasks"[0m
  ↳ app/views/tasks/index.html.erb:16
  Rendered tasks/index.html.erb within layouts/application (Duration: 3.8ms | Allocations: 1302)
[Webpacker] Everything's up-to-date. Nothing to do
  Rendered layout layouts/application.html.erb (Duration: 11.3ms | Allocations: 6949)
Completed 200 OK in 14ms (Views: 12.2ms | ActiveRecord: 0.9ms | Allocations: 8163)


Started GET "/tasks" for ::1 at 2021-03-06 17:15:31 +0200
Processing by TasksController#index as HTML
  Rendering layout layouts/application.html.erb
  Rendering tasks/index.html.erb within layouts/application
  [1m[36mTask Load (0.9ms)[0m  [1m[34mSELECT "tasks".* FROM "tasks"[0m
  ↳ app/views/tasks/index.html.erb:16
  Rendered tasks/index.html.erb within layouts/application (Duration: 3.3ms | Allocations: 1029)
[Webpacker] Everything's up-to-date. Nothing to do
  Rendered layout layouts/application.html.erb (Duration: 10.7ms | Allocations: 6441)
Completed 200 OK in 12ms (Views: 10.2ms | ActiveRecord: 0.9ms | Allocations: 6900)


Started GET "/tasks" for ::1 at 2021-03-06 17:19:50 +0200
Processing by TasksController#index as HTML
  Rendering layout layouts/application.html.erb
  Rendering tasks/index.html.erb within layouts/application
  [1m[36mTask Load (0.7ms)[0m  [1m[34mSELECT "tasks".* FROM "tasks"[0m
  ↳ app/views/tasks/index.html.erb:16
  Rendered tasks/index.html.erb within layouts/application (Duration: 3.1ms | Allocations: 1363)
[Webpacker] Everything's up-to-date. Nothing to do
  Rendered layout layouts/application.html.erb (Duration: 9.6ms | Allocations: 7010)
Completed 200 OK in 13ms (Views: 10.8ms | ActiveRecord: 0.7ms | Allocations: 8223)


Started GET "/tasks" for ::1 at 2021-03-06 17:20:00 +0200
Processing by TasksController#index as HTML
  Rendering layout layouts/application.html.erb
  Rendering tasks/index.html.erb within layouts/application
  [1m[36mTask Load (1.0ms)[0m  [1m[34mSELECT "tasks".* FROM "tasks"[0m
  ↳ app/views/tasks/index.html.erb:16
  Rendered tasks/index.html.erb within layouts/application (Duration: 3.7ms | Allocations: 1315)
[Webpacker] Everything's up-to-date. Nothing to do
  Rendered layout layouts/application.html.erb (Duration: 11.7ms | Allocations: 6978)
Completed 200 OK in 15ms (Views: 12.6ms | ActiveRecord: 1.0ms | Allocations: 8192)


Started GET "/tasks/new" for ::1 at 2021-03-06 17:20:02 +0200
Processing by TasksController#new as HTML
  Rendering layout layouts/application.html.erb
  Rendering tasks/new.html.erb within layouts/application
  Rendered tasks/_form.html.erb (Duration: 1.7ms | Allocations: 1223)
  Rendered tasks/new.html.erb within layouts/application (Duration: 2.5ms | Allocations: 1573)
[Webpacker] Everything's up-to-date. Nothing to do
  Rendered layout layouts/application.html.erb (Duration: 9.4ms | Allocations: 6973)
Completed 200 OK in 11ms (Views: 9.8ms | ActiveRecord: 0.0ms | Allocations: 7588)


Started GET "/tasks" for ::1 at 2021-03-06 17:20:03 +0200
Processing by TasksController#index as HTML
  Rendering layout layouts/application.html.erb
  Rendering tasks/index.html.erb within layouts/application
  [1m[36mTask Load (0.9ms)[0m  [1m[34mSELECT "tasks".* FROM "tasks"[0m
  ↳ app/views/tasks/index.html.erb:16
  Rendered tasks/index.html.erb within layouts/application (Duration: 3.2ms | Allocations: 1028)
[Webpacker] Everything's up-to-date. Nothing to do
  Rendered layout layouts/application.html.erb (Duration: 10.7ms | Allocations: 6440)
Completed 200 OK in 12ms (Views: 10.2ms | ActiveRecord: 0.9ms | Allocations: 6901)


Started GET "/tasks/new" for ::1 at 2021-03-06 17:20:12 +0200
Processing by TasksController#new as HTML
  Rendering layout layouts/application.html.erb
  Rendering tasks/new.html.erb within layouts/application
  Rendered tasks/_form.html.erb (Duration: 2.1ms | Allocations: 839)
  Rendered tasks/new.html.erb within layouts/application (Duration: 2.5ms | Allocations: 953)
[Webpacker] Everything's up-to-date. Nothing to do
  Rendered layout layouts/application.html.erb (Duration: 9.0ms | Allocations: 6353)
Completed 200 OK in 10ms (Views: 9.4ms | ActiveRecord: 0.0ms | Allocations: 6817)


Started GET "/tasks/new" for ::1 at 2021-03-06 17:23:01 +0200
Processing by TasksController#new as HTML
  Rendering layout layouts/application.html.erb
  Rendering tasks/new.html.erb within layouts/application
  Rendered tasks/_form.html.erb (Duration: 0.3ms | Allocations: 191)
  Rendered tasks/new.html.erb within layouts/application (Duration: 1.3ms | Allocations: 572)
[Webpacker] Everything's up-to-date. Nothing to do
  Rendered layout layouts/application.html.erb (Duration: 11.0ms | Allocations: 6239)
Completed 200 OK in 15ms (Views: 13.2ms | ActiveRecord: 0.0ms | Allocations: 7456)


Started GET "/tasks/new" for ::1 at 2021-03-06 17:24:23 +0200
Processing by TasksController#new as HTML
  Rendering layout layouts/application.html.erb
  Rendering tasks/new.html.erb within layouts/application
  Rendered tasks/_form.html.erb (Duration: 2.1ms | Allocations: 1241)
  Rendered tasks/new.html.erb within layouts/application (Duration: 3.3ms | Allocations: 1604)
[Webpacker] Everything's up-to-date. Nothing to do
  Rendered layout layouts/application.html.erb (Duration: 11.1ms | Allocations: 7254)
Completed 200 OK in 14ms (Views: 12.9ms | ActiveRecord: 0.0ms | Allocations: 8477)


Started GET "/tasks/new" for ::1 at 2021-03-06 17:27:32 +0200
Processing by TasksController#new as HTML
  Rendering layout layouts/application.html.erb
  Rendering tasks/new.html.erb within layouts/application
  Rendered tasks/_form.html.erb (Duration: 11.9ms | Allocations: 6168)
  Rendered tasks/new.html.erb within layouts/application (Duration: 12.8ms | Allocations: 6525)
[Webpacker] Everything's up-to-date. Nothing to do
  Rendered layout layouts/application.html.erb (Duration: 20.1ms | Allocations: 12055)
Completed 200 OK in 23ms (Views: 22.2ms | Allocations: 13282)


Started GET "/tasks/new" for ::1 at 2021-03-06 17:27:54 +0200
Processing by TasksController#new as HTML
  Rendering layout layouts/application.html.erb
  Rendering tasks/new.html.erb within layouts/application
  Rendered tasks/_form.html.erb (Duration: 2.4ms | Allocations: 1420)
  Rendered tasks/new.html.erb within layouts/application (Duration: 3.3ms | Allocations: 1777)
[Webpacker] Everything's up-to-date. Nothing to do
  Rendered layout layouts/application.html.erb (Duration: 10.6ms | Allocations: 7423)
Completed 200 OK in 14ms (Views: 12.6ms | Allocations: 8637)


Started GET "/tasks/new" for ::1 at 2021-03-06 17:28:28 +0200
Processing by TasksController#new as HTML
  Rendering layout layouts/application.html.erb
  Rendering tasks/new.html.erb within layouts/application
  Rendered tasks/_form.html.erb (Duration: 10.3ms | Allocations: 7508)
  Rendered tasks/new.html.erb within layouts/application (Duration: 11.3ms | Allocations: 7841)
  Rendered layout layouts/application.html.erb (Duration: 11.5ms | Allocations: 7911)
Completed 500 Internal Server Error in 14ms (Allocations: 9107)



ActionView::SyntaxErrorInTemplate - Encountered a syntax error while rendering template: check <%= form_with(model: task, local: true) do |form| %>
  <% if task.errors.any? %>
    <div id="error_explanation">
      <h2><%= pluralize(task.errors.count, "error") %> prohibited this task from being saved:</h2>
      <ul>
      <% task.errors.full_messages.each do |message| %>
        <li><%= message %></li>
      <% end %>
      </ul>
    </div>
  <% end %>
  <div class="field">
    <%= form.label :title, class: "label" %>
    <div class="control">
      <%= form.text_field :title, id: :task_title, class: "input", placeholder: "Text input" %>
    </div>
  </div>
  <div class="field">
    <%= form.label :description, class: "label" %>
    <div class="control">
      <%= form.text_area :description, id: :task_description, class: "input", placeholder: "Description" %>
    </div>
  </div>
  <div class="field">
    <%= form.label :status, class: "label" %>
    <div class="control">
      <div class="select">
        <%= form.select(:status, Task.statuses.keys.map {|key| [key.humanize, key]}) %>
      </div>
    </div>
  </div>
  <div class="buttons">
    <%= form.submit, class: "button is-link is-light" %>
  </div>
<% end %>:
  app/views/tasks/new.html.erb:3

Started POST "/__better_errors/e6d5e46880bfd9d5/variables" for ::1 at 2021-03-06 17:28:28 +0200
Started GET "/tasks/new" for ::1 at 2021-03-06 17:30:47 +0200
Processing by TasksController#new as HTML
  Rendering layout layouts/application.html.erb
  Rendering tasks/new.html.erb within layouts/application
  Rendered tasks/_form.html.erb (Duration: 2.2ms | Allocations: 1428)
  Rendered tasks/new.html.erb within layouts/application (Duration: 3.1ms | Allocations: 1789)
[Webpacker] Everything's up-to-date. Nothing to do
  Rendered layout layouts/application.html.erb (Duration: 12.2ms | Allocations: 7442)
Completed 200 OK in 15ms (Views: 14.1ms | Allocations: 8663)


Started GET "/tasks/new" for ::1 at 2021-03-06 17:31:45 +0200
Processing by TasksController#new as HTML
  Rendering layout layouts/application.html.erb
  Rendering tasks/new.html.erb within layouts/application
  Rendered tasks/_form.html.erb (Duration: 2.4ms | Allocations: 1451)
  Rendered tasks/new.html.erb within layouts/application (Duration: 3.5ms | Allocations: 1810)
[Webpacker] Everything's up-to-date. Nothing to do
  Rendered layout layouts/application.html.erb (Duration: 10.7ms | Allocations: 7460)
Completed 200 OK in 14ms (Views: 12.7ms | Allocations: 8680)


Started POST "/tasks" for ::1 at 2021-03-06 17:31:51 +0200
Processing by TasksController#create as HTML
  Parameters: {"authenticity_token"=>"[FILTERED]", "task"=>{"title"=>"", "description"=>"", "status"=>"to_do"}, "commit"=>"Create Task"}
  [1m[36mTRANSACTION (0.7ms)[0m  [1m[35mBEGIN[0m
  ↳ app/controllers/tasks_controller.rb:27:in `block in create'
  [1m[36mTask Create (1.4ms)[0m  [1m[32mINSERT INTO "tasks" ("title", "description", "created_at", "updated_at", "status") VALUES ($1, $2, $3, $4, $5) RETURNING "id"[0m  [["title", ""], ["description", ""], ["created_at", "2021-03-06 15:31:51.596306"], ["updated_at", "2021-03-06 15:31:51.596306"], ["status", 0]]
  ↳ app/controllers/tasks_controller.rb:27:in `block in create'
  [1m[36mTRANSACTION (0.9ms)[0m  [1m[35mCOMMIT[0m
  ↳ app/controllers/tasks_controller.rb:27:in `block in create'
Redirected to http://localhost:3000/tasks/2
Completed 302 Found in 21ms (ActiveRecord: 10.6ms | Allocations: 6292)


Started GET "/tasks/2" for ::1 at 2021-03-06 17:31:51 +0200
Processing by TasksController#show as HTML
  Parameters: {"id"=>"2"}
  [1m[36mTask Load (0.8ms)[0m  [1m[34mSELECT "tasks".* FROM "tasks" WHERE "tasks"."id" = $1 LIMIT $2[0m  [["id", 2], ["LIMIT", 1]]
  ↳ app/controllers/tasks_controller.rb:58:in `set_task'
  Rendering layout layouts/application.html.erb
  Rendering tasks/show.html.erb within layouts/application
  Rendered tasks/show.html.erb within layouts/application (Duration: 0.8ms | Allocations: 291)
[Webpacker] Everything's up-to-date. Nothing to do
  Rendered layout layouts/application.html.erb (Duration: 7.8ms | Allocations: 5703)
Completed 200 OK in 12ms (Views: 8.2ms | ActiveRecord: 1.5ms | Allocations: 7242)


Started GET "/tasks/2/edit" for ::1 at 2021-03-06 17:32:01 +0200
Processing by TasksController#edit as HTML
  Parameters: {"id"=>"2"}
  [1m[36mTask Load (0.8ms)[0m  [1m[34mSELECT "tasks".* FROM "tasks" WHERE "tasks"."id" = $1 LIMIT $2[0m  [["id", 2], ["LIMIT", 1]]
  ↳ app/controllers/tasks_controller.rb:58:in `set_task'
  Rendering layout layouts/application.html.erb
  Rendering tasks/edit.html.erb within layouts/application
  Rendered tasks/_form.html.erb (Duration: 1.8ms | Allocations: 1052)
  Rendered tasks/edit.html.erb within layouts/application (Duration: 2.4ms | Allocations: 1314)
[Webpacker] Everything's up-to-date. Nothing to do
  Rendered layout layouts/application.html.erb (Duration: 9.7ms | Allocations: 6718)
Completed 200 OK in 13ms (Views: 10.2ms | ActiveRecord: 0.8ms | Allocations: 8013)


Started PATCH "/tasks/2" for ::1 at 2021-03-06 17:32:10 +0200
Processing by TasksController#update as HTML
  Parameters: {"authenticity_token"=>"[FILTERED]", "task"=>{"title"=>"", "description"=>"", "status"=>"to_do"}, "commit"=>"Update Task", "id"=>"2"}
  [1m[36mTask Load (0.7ms)[0m  [1m[34mSELECT "tasks".* FROM "tasks" WHERE "tasks"."id" = $1 LIMIT $2[0m  [["id", 2], ["LIMIT", 1]]
  ↳ app/controllers/tasks_controller.rb:58:in `set_task'
Redirected to http://localhost:3000/tasks/2
Completed 302 Found in 3ms (ActiveRecord: 0.7ms | Allocations: 1313)


Started GET "/tasks/2" for ::1 at 2021-03-06 17:32:10 +0200
Processing by TasksController#show as HTML
  Parameters: {"id"=>"2"}
  [1m[36mTask Load (0.7ms)[0m  [1m[34mSELECT "tasks".* FROM "tasks" WHERE "tasks"."id" = $1 LIMIT $2[0m  [["id", 2], ["LIMIT", 1]]
  ↳ app/controllers/tasks_controller.rb:58:in `set_task'
  Rendering layout layouts/application.html.erb
  Rendering tasks/show.html.erb within layouts/application
  Rendered tasks/show.html.erb within layouts/application (Duration: 0.5ms | Allocations: 113)
[Webpacker] Everything's up-to-date. Nothing to do
  Rendered layout layouts/application.html.erb (Duration: 7.6ms | Allocations: 5537)
Completed 200 OK in 11ms (Views: 8.0ms | ActiveRecord: 0.7ms | Allocations: 6706)


Started GET "/tasks/2" for ::1 at 2021-03-06 17:33:00 +0200
  [1m[35m (1.0ms)[0m  [1m[34mSELECT "schema_migrations"."version" FROM "schema_migrations" ORDER BY "schema_migrations"."version" ASC[0m
Processing by TasksController#show as HTML
  Parameters: {"id"=>"2"}
  [1m[36mTask Load (1.1ms)[0m  [1m[34mSELECT "tasks".* FROM "tasks" WHERE "tasks"."id" = $1 LIMIT $2[0m  [["id", 2], ["LIMIT", 1]]
  ↳ app/controllers/tasks_controller.rb:58:in `set_task'
  Rendering layout layouts/application.html.erb
  Rendering tasks/show.html.erb within layouts/application
  Rendered tasks/show.html.erb within layouts/application (Duration: 2.6ms | Allocations: 611)
[Webpacker] Everything's up-to-date. Nothing to do
  Rendered layout layouts/application.html.erb (Duration: 23.6ms | Allocations: 9667)
Completed 200 OK in 93ms (Views: 26.5ms | ActiveRecord: 6.4ms | Allocations: 19015)


Started GET "/tasks" for ::1 at 2021-03-06 17:33:04 +0200
Processing by TasksController#index as HTML
  Rendering layout layouts/application.html.erb
  Rendering tasks/index.html.erb within layouts/application
  [1m[36mTask Load (0.9ms)[0m  [1m[34mSELECT "tasks".* FROM "tasks"[0m
  ↳ app/views/tasks/index.html.erb:16
  Rendered tasks/index.html.erb within layouts/application (Duration: 4.2ms | Allocations: 1539)
[Webpacker] Everything's up-to-date. Nothing to do
  Rendered layout layouts/application.html.erb (Duration: 11.7ms | Allocations: 6953)
Completed 200 OK in 13ms (Views: 11.4ms | ActiveRecord: 0.9ms | Allocations: 7558)


Started GET "/tasks" for ::1 at 2021-03-06 17:33:07 +0200
Processing by TasksController#index as HTML
  Rendering layout layouts/application.html.erb
  Rendering tasks/index.html.erb within layouts/application
  [1m[36mTask Load (0.8ms)[0m  [1m[34mSELECT "tasks".* FROM "tasks"[0m
  ↳ app/views/tasks/index.html.erb:16
  Rendered tasks/index.html.erb within layouts/application (Duration: 3.0ms | Allocations: 1141)
[Webpacker] Everything's up-to-date. Nothing to do
  Rendered layout layouts/application.html.erb (Duration: 9.7ms | Allocations: 6555)
Completed 200 OK in 11ms (Views: 9.4ms | ActiveRecord: 0.8ms | Allocations: 7023)


Started GET "/tasks/new" for ::1 at 2021-03-06 17:33:09 +0200
Processing by TasksController#new as HTML
  Rendering layout layouts/application.html.erb
  Rendering tasks/new.html.erb within layouts/application
  Rendered tasks/_form.html.erb (Duration: 6.3ms | Allocations: 3373)
  Rendered tasks/new.html.erb within layouts/application (Duration: 7.2ms | Allocations: 3742)
[Webpacker] Everything's up-to-date. Nothing to do
  Rendered layout layouts/application.html.erb (Duration: 13.5ms | Allocations: 9144)
Completed 200 OK in 15ms (Views: 13.9ms | ActiveRecord: 0.0ms | Allocations: 9771)


Started GET "/tasks/1/edit" for ::1 at 2021-03-06 17:33:14 +0200
Processing by TasksController#edit as HTML
  Parameters: {"id"=>"1"}
  [1m[36mTask Load (0.8ms)[0m  [1m[34mSELECT "tasks".* FROM "tasks" WHERE "tasks"."id" = $1 LIMIT $2[0m  [["id", 1], ["LIMIT", 1]]
  ↳ app/controllers/tasks_controller.rb:58:in `set_task'
  Rendering layout layouts/application.html.erb
  Rendering tasks/edit.html.erb within layouts/application
  Rendered tasks/_form.html.erb (Duration: 2.2ms | Allocations: 1076)
  Rendered tasks/edit.html.erb within layouts/application (Duration: 19.5ms | Allocations: 1338)
[Webpacker] Everything's up-to-date. Nothing to do
  Rendered layout layouts/application.html.erb (Duration: 25.7ms | Allocations: 6738)
Completed 200 OK in 30ms (Views: 26.2ms | ActiveRecord: 0.8ms | Allocations: 8026)


Started GET "/tasks" for ::1 at 2021-03-06 17:35:04 +0200
Processing by TasksController#index as HTML
  Rendering layout layouts/application.html.erb
  Rendering tasks/index.html.erb within layouts/application
  [1m[36mTask Load (0.6ms)[0m  [1m[34mSELECT "tasks".* FROM "tasks"[0m
  ↳ app/views/tasks/index.html.erb:16
  Rendered tasks/index.html.erb within layouts/application (Duration: 3.1ms | Allocations: 1422)
[Webpacker] Everything's up-to-date. Nothing to do
  Rendered layout layouts/application.html.erb (Duration: 10.3ms | Allocations: 7069)
Completed 200 OK in 14ms (Views: 12.2ms | ActiveRecord: 0.6ms | Allocations: 8284)


Started DELETE "/tasks/2" for ::1 at 2021-03-06 17:35:09 +0200
Processing by TasksController#destroy as HTML
  Parameters: {"authenticity_token"=>"[FILTERED]", "id"=>"2"}
  [1m[36mTask Load (0.6ms)[0m  [1m[34mSELECT "tasks".* FROM "tasks" WHERE "tasks"."id" = $1 LIMIT $2[0m  [["id", 2], ["LIMIT", 1]]
  ↳ app/controllers/tasks_controller.rb:58:in `set_task'
  [1m[36mTRANSACTION (0.6ms)[0m  [1m[35mBEGIN[0m
  ↳ app/controllers/tasks_controller.rb:48:in `destroy'
  [1m[36mTask Destroy (0.6ms)[0m  [1m[31mDELETE FROM "tasks" WHERE "tasks"."id" = $1[0m  [["id", 2]]
  ↳ app/controllers/tasks_controller.rb:48:in `destroy'
  [1m[36mTRANSACTION (1.1ms)[0m  [1m[35mCOMMIT[0m
  ↳ app/controllers/tasks_controller.rb:48:in `destroy'
Redirected to http://localhost:3000/tasks
Completed 302 Found in 7ms (ActiveRecord: 2.9ms | Allocations: 3093)


Started GET "/tasks" for ::1 at 2021-03-06 17:35:09 +0200
Processing by TasksController#index as HTML
  Rendering layout layouts/application.html.erb
  Rendering tasks/index.html.erb within layouts/application
  [1m[36mTask Load (0.8ms)[0m  [1m[34mSELECT "tasks".* FROM "tasks"[0m
  ↳ app/views/tasks/index.html.erb:16
  Rendered tasks/index.html.erb within layouts/application (Duration: 2.6ms | Allocations: 1032)
[Webpacker] Everything's up-to-date. Nothing to do
  Rendered layout layouts/application.html.erb (Duration: 9.1ms | Allocations: 6444)
Completed 200 OK in 10ms (Views: 8.8ms | ActiveRecord: 0.8ms | Allocations: 6911)


